<?xml version="1.0" encoding="UTF-8"?>
<!-- Generated by org.testng.reporters.JUnitXMLReporter -->
<testsuite hostname="DESKTOP-PFKHA3E" ignored="2" name="Register Test Cases" tests="2" failures="0" timestamp="2019-11-21T00:02:12 IST" time="47.836" errors="0">
  <testcase name="validateRegistrationDoneSuccessfully" time="10.723" classname="com.bhavin.testCases.TestCase_01_ValidateRegistrationDoneSuccessfully"/>
  <testcase name="validateRegisterButtonShouldBeEnabledIfPasswordFieldBlank" time="11.228" classname="com.bhavin.testCases.TestCase_02_ValidateRegisterButtonShouldBeEnabledIfPasswordFieldBlank"/>
  <testcase name="@BeforeSuite loadDirectories" time="0.0" classname="com.bhavin.base.TestBase">
    <ignored/>
  </testcase> <!-- @BeforeSuite loadDirectories -->
  <testcase name="@AfterSuite quit" time="0.0" classname="com.bhavin.base.TestBase">
    <ignored/>
  </testcase> <!-- @AfterSuite quit -->
</testsuite> <!-- Register Test Cases -->
